<?xml version="1.0" encoding="UTF-8"?>
<!-- Generated by org.testng.reporters.JUnitReportReporter -->
<testsuite hostname="DESKTOP-JQJ5R9C" failures="0" tests="2" name="org.testleaf.testcases.TC001_LoginPage" time="18.331" errors="0" timestamp="2023-05-24T14:29:59 IST" skipped="0">
  <testcase classname="org.testleaf.testcases.TC001_LoginPage" name="runLogin" time="11.892"/>
  <system-out/>
  <testcase classname="org.testleaf.testcases.TC001_LoginPage" name="runLogin" time="6.439"/>
  <system-out/>
</testsuite> <!-- org.testleaf.testcases.TC001_LoginPage -->
