<?xml version="1.0" encoding="UTF-8"?>
<!-- Generated by org.testng.reporters.JUnitReportReporter -->
<testsuite hostname="DESKTOP-JQJ5R9C" failures="0" tests="2" name="org.testleaf.testcases.TC001_LoginPage" time="9.340" errors="0" timestamp="2023-06-15T12:43:43 IST" skipped="0">
  <testcase classname="org.testleaf.testcases.TC001_LoginPage" name="runLogin" time="4.623"/>
  <system-out/>
  <testcase classname="org.testleaf.testcases.TC001_LoginPage" name="runLogin" time="4.717"/>
  <system-out/>
</testsuite> <!-- org.testleaf.testcases.TC001_LoginPage -->
