<?xml version="1.0" encoding="UTF-8"?>
<!-- Generated by org.testng.reporters.JUnitReportReporter -->
<testsuite hostname="DESKTOP-JQJ5R9C" failures="0" tests="1" name="org.testleaf.testcases.TC002_CreateLead" time="11.564" errors="0" timestamp="2023-05-23T02:05:17 IST" skipped="0">
  <testcase classname="org.testleaf.testcases.TC002_CreateLead" name="createLead" time="11.564"/>
  <system-out/>
</testsuite> <!-- org.testleaf.testcases.TC002_CreateLead -->
